<?xml version="1.0" encoding="UTF-8"?>
<testng-results skipped="0" failed="0" ignored="0" total="3" passed="3">
  <reporter-output>
  </reporter-output>
  <suite name="Default suite" duration-ms="3009" started-at="2020-03-17T07:16:46Z" finished-at="2020-03-17T07:16:49Z">
    <groups>
    </groups>
    <test name="Default test" duration-ms="3009" started-at="2020-03-17T07:16:46Z" finished-at="2020-03-17T07:16:49Z">
      <class name="datadriventesting.Datadriven_Postnewemployee">
        <test-method status="PASS" signature="postnewemployee(java.lang.String, java.lang.String, java.lang.String, java.lang.String, java.lang.String)[pri:0, instance:datadriventesting.Datadriven_Postnewemployee@4c70fda8]" name="postnewemployee" duration-ms="2255" started-at="2020-03-17T07:16:46Z" data-provider="empdata" finished-at="2020-03-17T07:16:48Z">
          <params>
            <param index="0">
              <value>
                <![CDATA[manick77XYZ]]>
              </value>
            </param>
            <param index="1">
              <value>
                <![CDATA[XYZmanick77]]>
              </value>
            </param>
            <param index="2">
              <value>
                <![CDATA[manick77XYZ]]>
              </value>
            </param>
            <param index="3">
              <value>
                <![CDATA[manick77XYZxyx]]>
              </value>
            </param>
            <param index="4">
              <value>
                <![CDATA[manick33@gmail.com]]>
              </value>
            </param>
          </params>
          <reporter-output>
          </reporter-output>
        </test-method> <!-- postnewemployee -->
        <test-method status="PASS" signature="postnewemployee(java.lang.String, java.lang.String, java.lang.String, java.lang.String, java.lang.String)[pri:0, instance:datadriventesting.Datadriven_Postnewemployee@4c70fda8]" name="postnewemployee" duration-ms="299" started-at="2020-03-17T07:16:48Z" data-provider="empdata" finished-at="2020-03-17T07:16:49Z">
          <params>
            <param index="0">
              <value>
                <![CDATA[manick44XYZ]]>
              </value>
            </param>
            <param index="1">
              <value>
                <![CDATA[XYZmanick44]]>
              </value>
            </param>
            <param index="2">
              <value>
                <![CDATA[manick44XYZ]]>
              </value>
            </param>
            <param index="3">
              <value>
                <![CDATA[manick44XYZxyx]]>
              </value>
            </param>
            <param index="4">
              <value>
                <![CDATA[manick44@gmail.com]]>
              </value>
            </param>
          </params>
          <reporter-output>
          </reporter-output>
        </test-method> <!-- postnewemployee -->
        <test-method status="PASS" signature="postnewemployee(java.lang.String, java.lang.String, java.lang.String, java.lang.String, java.lang.String)[pri:0, instance:datadriventesting.Datadriven_Postnewemployee@4c70fda8]" name="postnewemployee" duration-ms="388" started-at="2020-03-17T07:16:49Z" data-provider="empdata" finished-at="2020-03-17T07:16:49Z">
          <params>
            <param index="0">
              <value>
                <![CDATA[manick55XYZ]]>
              </value>
            </param>
            <param index="1">
              <value>
                <![CDATA[XYZmanick55]]>
              </value>
            </param>
            <param index="2">
              <value>
                <![CDATA[manick55XYZ]]>
              </value>
            </param>
            <param index="3">
              <value>
                <![CDATA[manick55XYZxyx]]>
              </value>
            </param>
            <param index="4">
              <value>
                <![CDATA[manick55@gmail.com]]>
              </value>
            </param>
          </params>
          <reporter-output>
          </reporter-output>
        </test-method> <!-- postnewemployee -->
      </class> <!-- datadriventesting.Datadriven_Postnewemployee -->
    </test> <!-- Default test -->
  </suite> <!-- Default suite -->
</testng-results>
