<?xml version="1.0" encoding="UTF-8"?>
<!-- Generated by org.testng.reporters.JUnitXMLReporter -->
<testsuite hostname="W00185VDI" ignored="0" name="Default test" tests="3" failures="0" timestamp="17 Mar 2020 07:16:49 GMT" time="3.009" errors="0">
  <testcase name="postnewemployee" time="2.255" classname="datadriventesting.Datadriven_Postnewemployee"/>
  <testcase name="postnewemployee" time="0.299" classname="datadriventesting.Datadriven_Postnewemployee"/>
  <testcase name="postnewemployee" time="0.388" classname="datadriventesting.Datadriven_Postnewemployee"/>
</testsuite> <!-- Default test -->
